[    22.059] 
X.Org X Server 1.20.4
X Protocol Version 11, Revision 0
[    22.061] Build Operating System: Linux 5.10.0-6-amd64 x86_64 Debian
[    22.061] Current Operating System: Linux debian 4.19.0-17-amd64 #1 SMP Debian 4.19.194-2 (2021-06-21) x86_64
[    22.061] Kernel command line: BOOT_IMAGE=/live/vmlinuz boot=live components quiet initrd=/live/initrd.img
[    22.062] Build Date: 19 April 2021  09:34:38AM
[    22.063] xorg-server 2:1.20.4-1+deb10u3 (https://www.debian.org/support) 
[    22.063] Current version of pixman: 0.36.0
[    22.064] 	Before reporting problems, check http://wiki.x.org
	to make sure that you have the latest version.
[    22.064] Markers: (--) probed, (**) from config file, (==) default setting,
	(++) from command line, (!!) notice, (II) informational,
	(WW) warning, (EE) error, (NI) not implemented, (??) unknown.
[    22.066] (==) Log file: "/home/user/.local/share/xorg/Xorg.0.log", Time: Thu Oct  7 07:05:58 2021
[    22.068] (==) Using system config directory "/usr/share/X11/xorg.conf.d"
[    22.068] (==) No Layout section.  Using the first Screen section.
[    22.068] (==) No screen section available. Using defaults.
[    22.068] (**) |-->Screen "Default Screen Section" (0)
[    22.068] (**) |   |-->Monitor "<default monitor>"
[    22.069] (==) No monitor specified for screen "Default Screen Section".
	Using a default monitor configuration.
[    22.069] (==) Automatically adding devices
[    22.069] (==) Automatically enabling devices
[    22.069] (==) Automatically adding GPU devices
[    22.069] (==) Max clients allowed: 256, resource mask: 0x1fffff
[    22.069] (WW) The directory "/usr/share/fonts/X11/cyrillic" does not exist.
[    22.069] 	Entry deleted from font path.
[    22.070] (==) FontPath set to:
	/usr/share/fonts/X11/misc,
	/usr/share/fonts/X11/100dpi/:unscaled,
	/usr/share/fonts/X11/75dpi/:unscaled,
	/usr/share/fonts/X11/Type1,
	/usr/share/fonts/X11/100dpi,
	/usr/share/fonts/X11/75dpi,
	built-ins
[    22.070] (==) ModulePath set to "/usr/lib/xorg/modules"
[    22.070] (II) The server relies on udev to provide the list of input devices.
	If no devices become available, reconfigure udev or disable AutoAddDevices.
[    22.070] (II) Loader magic: 0x560820276e20
[    22.070] (II) Module ABI versions:
[    22.070] 	X.Org ANSI C Emulation: 0.4
[    22.070] 	X.Org Video Driver: 24.0
[    22.070] 	X.Org XInput driver : 24.1
[    22.070] 	X.Org Server Extension : 10.0
[    22.071] (++) using VT number 1

[    22.073] (II) systemd-logind: took control of session /org/freedesktop/login1/session/_31
[    22.075] (II) xfree86: Adding drm device (/dev/dri/card0)
[    22.076] (II) systemd-logind: got fd for /dev/dri/card0 226:0 fd 12 paused 0
[    22.079] (--) PCI:*(0@0:2:0) 15ad:0405:15ad:0405 rev 0, Mem @ 0xe0000000/16777216, 0xf0000000/2097152, I/O @ 0x0000d010/16, BIOS @ 0x????????/131072
[    22.079] (II) LoadModule: "glx"
[    22.079] (II) Loading /usr/lib/xorg/modules/extensions/libglx.so
[    22.096] (II) Module glx: vendor="X.Org Foundation"
[    22.096] 	compiled for 1.20.4, module version = 1.0.0
[    22.096] 	ABI class: X.Org Server Extension, version 10.0
[    22.096] (==) Matched vmware as autoconfigured driver 0
[    22.096] (==) Matched modesetting as autoconfigured driver 1
[    22.096] (==) Matched fbdev as autoconfigured driver 2
[    22.096] (==) Matched vesa as autoconfigured driver 3
[    22.096] (==) Assigned the driver to the xf86ConfigLayout
[    22.096] (II) LoadModule: "vmware"
[    22.096] (II) Loading /usr/lib/xorg/modules/drivers/vmware_drv.so
[    22.340] (II) Module vmware: vendor="X.Org Foundation"
[    22.340] 	compiled for 1.20.0, module version = 13.3.0
[    22.340] 	Module class: X.Org Video Driver
[    22.340] 	ABI class: X.Org Video Driver, version 24.0
[    22.340] (II) LoadModule: "modesetting"
[    22.340] (II) Loading /usr/lib/xorg/modules/drivers/modesetting_drv.so
[    22.342] (II) Module modesetting: vendor="X.Org Foundation"
[    22.342] 	compiled for 1.20.4, module version = 1.20.4
[    22.342] 	Module class: X.Org Video Driver
[    22.342] 	ABI class: X.Org Video Driver, version 24.0
[    22.342] (II) LoadModule: "fbdev"
[    22.342] (II) Loading /usr/lib/xorg/modules/drivers/fbdev_drv.so
[    22.342] (II) Module fbdev: vendor="X.Org Foundation"
[    22.342] 	compiled for 1.20.0, module version = 0.5.0
[    22.342] 	Module class: X.Org Video Driver
[    22.342] 	ABI class: X.Org Video Driver, version 24.0
[    22.342] (II) LoadModule: "vesa"
[    22.342] (II) Loading /usr/lib/xorg/modules/drivers/vesa_drv.so
[    22.343] (II) Module vesa: vendor="X.Org Foundation"
[    22.343] 	compiled for 1.20.1, module version = 2.4.0
[    22.343] 	Module class: X.Org Video Driver
[    22.344] 	ABI class: X.Org Video Driver, version 24.0
[    22.344] (II) vmware: driver for VMware SVGA: vmware0405, vmware0710
[    22.344] (II) modesetting: Driver for Modesetting Kernel Drivers: kms
[    22.344] (II) FBDEV: driver for framebuffer: fbdev
[    22.344] (II) VESA: driver for VESA chipsets: vesa
[    22.344] xf86EnableIOPorts: failed to set IOPL for I/O (Operation not permitted)
[    22.344] (WW) Falling back to old probe method for modesetting
[    22.344] (WW) Falling back to old probe method for fbdev
[    22.344] (II) Loading sub module "fbdevhw"
[    22.344] (II) LoadModule: "fbdevhw"
[    22.344] (II) Loading /usr/lib/xorg/modules/libfbdevhw.so
[    22.346] (II) Module fbdevhw: vendor="X.Org Foundation"
[    22.346] 	compiled for 1.20.4, module version = 0.0.2
[    22.346] 	ABI class: X.Org Video Driver, version 24.0
[    22.346] (WW) VGA arbiter: cannot open kernel arbiter, no multi-card support
[    22.346] (II) vmware(0): Creating default Display subsection in Screen section
	"Default Screen Section" for depth/fbbpp 24/32
[    22.346] (--) vmware(0): DRM driver version is 2.15.0
[    22.346] (==) vmware(0): Depth 24, (--) framebuffer bpp 32
[    22.346] (==) vmware(0): RGB weight 888
[    22.346] (==) vmware(0): Default visual is TrueColor
[    22.346] (--) vmware(0): Min width 1, Max Width 8192.
[    22.346] (--) vmware(0): Min height 1, Max Height 8192.
[    22.346] (II) vmware(0): Output Virtual1 has no monitor section
[    22.346] (II) vmware(0): Output Virtual2 has no monitor section
[    22.346] (II) vmware(0): Output Virtual3 has no monitor section
[    22.346] (II) vmware(0): Output Virtual4 has no monitor section
[    22.346] (II) vmware(0): Output Virtual5 has no monitor section
[    22.346] (II) vmware(0): Output Virtual6 has no monitor section
[    22.346] (II) vmware(0): Output Virtual7 has no monitor section
[    22.346] (II) vmware(0): Output Virtual8 has no monitor section
[    22.346] (II) vmware(0): Printing probed modes for output Virtual1
[    22.346] (II) vmware(0): Modeline "800x600"x60.0   42.75  800 850 900 950  600 650 700 750 -hsync +vsync (45.0 kHz eP)
[    22.346] (II) vmware(0): Modeline "2560x1600"x60.0  348.50  2560 2752 3032 3504  1600 1603 1609 1658 -hsync +vsync (99.5 kHz e)
[    22.346] (II) vmware(0): Modeline "1920x1440"x60.0  234.00  1920 2048 2256 2600  1440 1441 1444 1500 -hsync +vsync (90.0 kHz e)
[    22.346] (II) vmware(0): Modeline "1856x1392"x60.0  218.25  1856 1952 2176 2528  1392 1393 1396 1439 -hsync +vsync (86.3 kHz e)
[    22.346] (II) vmware(0): Modeline "1792x1344"x60.0  204.75  1792 1920 2120 2448  1344 1345 1348 1394 -hsync +vsync (83.6 kHz e)
[    22.346] (II) vmware(0): Modeline "1920x1200"x59.9  193.25  1920 2056 2256 2592  1200 1203 1209 1245 -hsync +vsync (74.6 kHz e)
[    22.346] (II) vmware(0): Modeline "1600x1200"x60.0  162.00  1600 1664 1856 2160  1200 1201 1204 1250 +hsync +vsync (75.0 kHz e)
[    22.346] (II) vmware(0): Modeline "1680x1050"x60.0  146.25  1680 1784 1960 2240  1050 1053 1059 1089 -hsync +vsync (65.3 kHz e)
[    22.346] (II) vmware(0): Modeline "1400x1050"x60.0  121.75  1400 1488 1632 1864  1050 1053 1057 1089 -hsync +vsync (65.3 kHz e)
[    22.346] (II) vmware(0): Modeline "1280x1024"x60.0  108.00  1280 1328 1440 1688  1024 1025 1028 1066 +hsync +vsync (64.0 kHz e)
[    22.346] (II) vmware(0): Modeline "1440x900"x59.9  106.50  1440 1520 1672 1904  900 903 909 934 -hsync +vsync (55.9 kHz e)
[    22.346] (II) vmware(0): Modeline "1280x960"x60.0  108.00  1280 1376 1488 1800  960 961 964 1000 +hsync +vsync (60.0 kHz e)
[    22.346] (II) vmware(0): Modeline "1360x768"x60.0   85.50  1360 1424 1536 1792  768 771 777 795 +hsync +vsync (47.7 kHz e)
[    22.346] (II) vmware(0): Modeline "1280x800"x59.8   83.50  1280 1352 1480 1680  800 803 809 831 +hsync -vsync (49.7 kHz e)
[    22.346] (II) vmware(0): Modeline "1152x864"x75.0  108.00  1152 1216 1344 1600  864 865 868 900 +hsync +vsync (67.5 kHz e)
[    22.346] (II) vmware(0): Modeline "1280x768"x59.9   79.50  1280 1344 1472 1664  768 771 778 798 -hsync +vsync (47.8 kHz e)
[    22.346] (II) vmware(0): Modeline "1024x768"x60.0   65.00  1024 1048 1184 1344  768 771 777 806 -hsync -vsync (48.4 kHz e)
[    22.346] (II) vmware(0): Modeline "800x600"x60.3   40.00  800 840 968 1056  600 601 605 628 +hsync +vsync (37.9 kHz e)
[    22.346] (II) vmware(0): Modeline "640x480"x59.9   25.18  640 656 752 800  480 489 492 525 -hsync -vsync (31.5 kHz e)
[    22.346] (II) vmware(0): EDID for output Virtual2
[    22.346] (II) vmware(0): EDID for output Virtual3
[    22.346] (II) vmware(0): EDID for output Virtual4
[    22.346] (II) vmware(0): EDID for output Virtual5
[    22.346] (II) vmware(0): EDID for output Virtual6
[    22.347] (II) vmware(0): EDID for output Virtual7
[    22.347] (II) vmware(0): EDID for output Virtual8
[    22.347] (II) vmware(0): Output Virtual1 connected
[    22.347] (II) vmware(0): Output Virtual2 disconnected
[    22.347] (II) vmware(0): Output Virtual3 disconnected
[    22.347] (II) vmware(0): Output Virtual4 disconnected
[    22.347] (II) vmware(0): Output Virtual5 disconnected
[    22.347] (II) vmware(0): Output Virtual6 disconnected
[    22.347] (II) vmware(0): Output Virtual7 disconnected
[    22.347] (II) vmware(0): Output Virtual8 disconnected
[    22.347] (II) vmware(0): Using exact sizes for initial modes
[    22.347] (II) vmware(0): Output Virtual1 using initial mode 800x600 +0+0
[    22.347] (==) vmware(0): DPI set to (96, 96)
[    22.347] (==) vmware(0): Using gamma correction (1.0, 1.0, 1.0)
[    22.347] (II) Loading sub module "fb"
[    22.347] (II) LoadModule: "fb"
[    22.347] (II) Loading /usr/lib/xorg/modules/libfb.so
[    22.349] (II) Module fb: vendor="X.Org Foundation"
[    22.349] 	compiled for 1.20.4, module version = 1.0.0
[    22.349] 	ABI class: X.Org ANSI C Emulation, version 0.4
[    22.349] (II) Loading sub module "dri2"
[    22.349] (II) LoadModule: "dri2"
[    22.349] (II) Module "dri2" already built-in
[    22.349] (II) Loading sub module "dri3"
[    22.349] (II) LoadModule: "dri3"
[    22.349] (II) Module "dri3" already built-in
[    22.349] (II) UnloadModule: "modesetting"
[    22.349] (II) Unloading modesetting
[    22.349] (II) UnloadModule: "fbdev"
[    22.349] (II) Unloading fbdev
[    22.349] (II) UnloadSubModule: "fbdevhw"
[    22.349] (II) Unloading fbdevhw
[    22.349] (II) UnloadModule: "vesa"
[    22.349] (II) Unloading vesa
[    22.354] (II) vmware(0): Initialized VMWARE_CTRL extension version 0.2
[    22.371] (WW) vmware(0): Failed to initialize Gallium3D Xa. No render acceleration available.
[    22.371] (WW) vmware(0): Skipped initialization of direct rendering due to lack of render acceleration.
[    22.371] (--) vmware(0): Render acceleration is disabled.
[    22.371] (==) vmware(0): Rendercheck mode is disabled.
[    22.371] (--) vmware(0): Direct rendering (DRI2 3D) is disabled.
[    22.371] (--) vmware(0): Direct rendering (DRI3 3D) is disabled.
[    22.371] (==) vmware(0): Backing store enabled
[    22.371] (==) vmware(0): Silken mouse enabled
[    22.372] (==) vmware(0): DPMS enabled
[    22.372] (II) vmware(0): No 3D acceleration. Not setting up textured video.
[    22.372] (WW) vmware(0): Disabling Xv because no adaptors could be initialized.
[    22.372] (II) Initializing extension Generic Event Extension
[    22.372] (II) Initializing extension SHAPE
[    22.372] (II) Initializing extension MIT-SHM
[    22.372] (II) Initializing extension XInputExtension
[    22.373] (II) Initializing extension XTEST
[    22.373] (II) Initializing extension BIG-REQUESTS
[    22.373] (II) Initializing extension SYNC
[    22.373] (II) Initializing extension XKEYBOARD
[    22.373] (II) Initializing extension XC-MISC
[    22.373] (II) Initializing extension SECURITY
[    22.373] (II) Initializing extension XFIXES
[    22.374] (II) Initializing extension RENDER
[    22.374] (II) Initializing extension RANDR
[    22.374] (II) Initializing extension COMPOSITE
[    22.374] (II) Initializing extension DAMAGE
[    22.374] (II) Initializing extension MIT-SCREEN-SAVER
[    22.374] (II) Initializing extension DOUBLE-BUFFER
[    22.374] (II) Initializing extension RECORD
[    22.374] (II) Initializing extension DPMS
[    22.375] (II) Initializing extension Present
[    22.375] (II) Initializing extension DRI3
[    22.375] (II) Initializing extension X-Resource
[    22.375] (II) Initializing extension XVideo
[    22.375] (II) Initializing extension XVideo-MotionCompensation
[    22.375] (II) Initializing extension SELinux
[    22.375] (II) SELinux: Disabled on system
[    22.375] (II) Initializing extension GLX
[    22.375] (II) AIGLX: Screen 0 is not DRI2 capable
[    22.460] (II) IGLX: Loaded and initialized swrast
[    22.460] (II) GLX: Initialized DRISWRAST GL provider for screen 0
[    22.460] (II) Initializing extension XFree86-VidModeExtension
[    22.460] (II) Initializing extension XFree86-DGA
[    22.460] (II) Initializing extension XFree86-DRI
[    22.460] (II) Initializing extension DRI2
[    22.464] (II) vmware(0): Setting screen physical size to 211 x 158
[    22.535] (II) config/udev: Adding input device Power Button (/dev/input/event1)
[    22.535] (**) Power Button: Applying InputClass "libinput keyboard catchall"
[    22.536] (II) LoadModule: "libinput"
[    22.536] (II) Loading /usr/lib/xorg/modules/input/libinput_drv.so
[    22.545] (II) Module libinput: vendor="X.Org Foundation"
[    22.545] 	compiled for 1.20.4, module version = 0.28.2
[    22.545] 	Module class: X.Org XInput Driver
[    22.545] 	ABI class: X.Org XInput driver, version 24.1
[    22.545] (II) Using input driver 'libinput' for 'Power Button'
[    22.548] (II) systemd-logind: got fd for /dev/input/event1 13:65 fd 20 paused 0
[    22.548] (**) Power Button: always reports core events
[    22.548] (**) Option "Device" "/dev/input/event1"
[    22.548] (**) Option "_source" "server/udev"
[    22.586] (II) event1  - Power Button: is tagged by udev as: Keyboard
[    22.586] (II) event1  - Power Button: device is a keyboard
[    22.586] (II) event1  - Power Button: device removed
[    22.586] (**) Option "config_info" "udev:/sys/devices/LNXSYSTM:00/LNXPWRBN:00/input/input2/event1"
[    22.586] (II) XINPUT: Adding extended input device "Power Button" (type: KEYBOARD, id 6)
[    22.586] (**) Option "xkb_model" "pc105"
[    22.586] (**) Option "xkb_layout" "us"
[    22.587] (II) event1  - Power Button: is tagged by udev as: Keyboard
[    22.587] (II) event1  - Power Button: device is a keyboard
[    22.588] (II) config/udev: Adding input device Sleep Button (/dev/input/event2)
[    22.588] (**) Sleep Button: Applying InputClass "libinput keyboard catchall"
[    22.588] (II) Using input driver 'libinput' for 'Sleep Button'
[    22.590] (II) systemd-logind: got fd for /dev/input/event2 13:66 fd 23 paused 0
[    22.590] (**) Sleep Button: always reports core events
[    22.590] (**) Option "Device" "/dev/input/event2"
[    22.590] (**) Option "_source" "server/udev"
[    22.591] (II) event2  - Sleep Button: is tagged by udev as: Keyboard
[    22.591] (II) event2  - Sleep Button: device is a keyboard
[    22.591] (II) event2  - Sleep Button: device removed
[    22.591] (**) Option "config_info" "udev:/sys/devices/LNXSYSTM:00/LNXSLPBN:00/input/input3/event2"
[    22.591] (II) XINPUT: Adding extended input device "Sleep Button" (type: KEYBOARD, id 7)
[    22.591] (**) Option "xkb_model" "pc105"
[    22.591] (**) Option "xkb_layout" "us"
[    22.592] (II) event2  - Sleep Button: is tagged by udev as: Keyboard
[    22.592] (II) event2  - Sleep Button: device is a keyboard
[    22.593] (II) config/udev: Adding input device Video Bus (/dev/input/event3)
[    22.593] (**) Video Bus: Applying InputClass "libinput keyboard catchall"
[    22.593] (II) Using input driver 'libinput' for 'Video Bus'
[    22.595] (II) systemd-logind: got fd for /dev/input/event3 13:67 fd 24 paused 0
[    22.595] (**) Video Bus: always reports core events
[    22.595] (**) Option "Device" "/dev/input/event3"
[    22.595] (**) Option "_source" "server/udev"
[    22.596] (II) event3  - Video Bus: is tagged by udev as: Keyboard
[    22.596] (II) event3  - Video Bus: device is a keyboard
[    22.596] (II) event3  - Video Bus: device removed
[    22.596] (**) Option "config_info" "udev:/sys/devices/LNXSYSTM:00/LNXSYBUS:00/PNP0A03:00/LNXVIDEO:00/input/input4/event3"
[    22.596] (II) XINPUT: Adding extended input device "Video Bus" (type: KEYBOARD, id 8)
[    22.596] (**) Option "xkb_model" "pc105"
[    22.596] (**) Option "xkb_layout" "us"
[    22.597] (II) event3  - Video Bus: is tagged by udev as: Keyboard
[    22.597] (II) event3  - Video Bus: device is a keyboard
[    22.599] (II) config/udev: Adding input device VirtualBox mouse integration (/dev/input/event7)
[    22.599] (**) VirtualBox mouse integration: Applying InputClass "libinput pointer catchall"
[    22.599] (II) Using input driver 'libinput' for 'VirtualBox mouse integration'
[    22.601] (II) systemd-logind: got fd for /dev/input/event7 13:71 fd 25 paused 0
[    22.601] (**) VirtualBox mouse integration: always reports core events
[    22.601] (**) Option "Device" "/dev/input/event7"
[    22.601] (**) Option "_source" "server/udev"
[    22.602] (II) event7  - VirtualBox mouse integration: is tagged by udev as: Mouse
[    22.602] (II) event7  - VirtualBox mouse integration: device is a pointer
[    22.602] (II) event7  - VirtualBox mouse integration: device removed
[    22.602] (**) Option "config_info" "udev:/sys/devices/pci0000:00/0000:00:04.0/input/input8/event7"
[    22.602] (II) XINPUT: Adding extended input device "VirtualBox mouse integration" (type: MOUSE, id 9)
[    22.602] (**) Option "AccelerationScheme" "none"
[    22.602] (**) VirtualBox mouse integration: (accel) selected scheme none/0
[    22.602] (**) VirtualBox mouse integration: (accel) acceleration factor: 2.000
[    22.602] (**) VirtualBox mouse integration: (accel) acceleration threshold: 4
[    22.603] (II) event7  - VirtualBox mouse integration: is tagged by udev as: Mouse
[    22.603] (II) event7  - VirtualBox mouse integration: device is a pointer
[    22.603] (II) config/udev: Adding input device VirtualBox mouse integration (/dev/input/js1)
[    22.603] (II) No input driver specified, ignoring this device.
[    22.603] (II) This device may have been added with another device file.
[    22.604] (II) config/udev: Adding input device VirtualBox mouse integration (/dev/input/mouse2)
[    22.604] (II) No input driver specified, ignoring this device.
[    22.604] (II) This device may have been added with another device file.
[    22.605] (II) config/udev: Adding input device VirtualBox USB Tablet (/dev/input/event5)
[    22.605] (**) VirtualBox USB Tablet: Applying InputClass "libinput pointer catchall"
[    22.605] (II) Using input driver 'libinput' for 'VirtualBox USB Tablet'
[    22.664] (II) systemd-logind: got fd for /dev/input/event5 13:69 fd 26 paused 0
[    22.664] (**) VirtualBox USB Tablet: always reports core events
[    22.664] (**) Option "Device" "/dev/input/event5"
[    22.664] (**) Option "_source" "server/udev"
[    22.669] (II) event5  - VirtualBox USB Tablet: is tagged by udev as: Mouse
[    22.669] (II) event5  - VirtualBox USB Tablet: device is a pointer
[    22.669] (II) event5  - VirtualBox USB Tablet: device removed
[    22.669] (**) Option "config_info" "udev:/sys/devices/pci0000:00/0000:00:06.0/usb1/1-1/1-1:1.0/0003:80EE:0021.0001/input/input6/event5"
[    22.669] (II) XINPUT: Adding extended input device "VirtualBox USB Tablet" (type: MOUSE, id 10)
[    22.669] (**) Option "AccelerationScheme" "none"
[    22.669] (**) VirtualBox USB Tablet: (accel) selected scheme none/0
[    22.669] (**) VirtualBox USB Tablet: (accel) acceleration factor: 2.000
[    22.669] (**) VirtualBox USB Tablet: (accel) acceleration threshold: 4
[    22.671] (II) event5  - VirtualBox USB Tablet: is tagged by udev as: Mouse
[    22.671] (II) event5  - VirtualBox USB Tablet: device is a pointer
[    22.672] (II) config/udev: Adding input device VirtualBox USB Tablet (/dev/input/js0)
[    22.672] (II) No input driver specified, ignoring this device.
[    22.672] (II) This device may have been added with another device file.
[    22.673] (II) config/udev: Adding input device VirtualBox USB Tablet (/dev/input/mouse1)
[    22.673] (II) No input driver specified, ignoring this device.
[    22.673] (II) This device may have been added with another device file.
[    22.674] (II) config/udev: Adding input device AT Translated Set 2 keyboard (/dev/input/event0)
[    22.674] (**) AT Translated Set 2 keyboard: Applying InputClass "libinput keyboard catchall"
[    22.674] (II) Using input driver 'libinput' for 'AT Translated Set 2 keyboard'
[    22.676] (II) systemd-logind: got fd for /dev/input/event0 13:64 fd 27 paused 0
[    22.676] (**) AT Translated Set 2 keyboard: always reports core events
[    22.676] (**) Option "Device" "/dev/input/event0"
[    22.676] (**) Option "_source" "server/udev"
[    22.678] (II) event0  - AT Translated Set 2 keyboard: is tagged by udev as: Keyboard
[    22.678] (II) event0  - AT Translated Set 2 keyboard: device is a keyboard
[    22.678] (II) event0  - AT Translated Set 2 keyboard: device removed
[    22.678] (**) Option "config_info" "udev:/sys/devices/platform/i8042/serio0/input/input0/event0"
[    22.678] (II) XINPUT: Adding extended input device "AT Translated Set 2 keyboard" (type: KEYBOARD, id 11)
[    22.678] (**) Option "xkb_model" "pc105"
[    22.678] (**) Option "xkb_layout" "us"
[    22.680] (II) event0  - AT Translated Set 2 keyboard: is tagged by udev as: Keyboard
[    22.680] (II) event0  - AT Translated Set 2 keyboard: device is a keyboard
[    22.681] (II) config/udev: Adding input device ImExPS/2 Generic Explorer Mouse (/dev/input/event4)
[    22.681] (**) ImExPS/2 Generic Explorer Mouse: Applying InputClass "libinput pointer catchall"
[    22.681] (II) Using input driver 'libinput' for 'ImExPS/2 Generic Explorer Mouse'
[    22.683] (II) systemd-logind: got fd for /dev/input/event4 13:68 fd 28 paused 0
[    22.683] (**) ImExPS/2 Generic Explorer Mouse: always reports core events
[    22.683] (**) Option "Device" "/dev/input/event4"
[    22.683] (**) Option "_source" "server/udev"
[    22.685] (II) event4  - ImExPS/2 Generic Explorer Mouse: is tagged by udev as: Mouse
[    22.685] (II) event4  - ImExPS/2 Generic Explorer Mouse: device is a pointer
[    22.685] (II) event4  - ImExPS/2 Generic Explorer Mouse: device removed
[    22.685] (**) Option "config_info" "udev:/sys/devices/platform/i8042/serio1/input/input5/event4"
[    22.685] (II) XINPUT: Adding extended input device "ImExPS/2 Generic Explorer Mouse" (type: MOUSE, id 12)
[    22.685] (**) Option "AccelerationScheme" "none"
[    22.685] (**) ImExPS/2 Generic Explorer Mouse: (accel) selected scheme none/0
[    22.685] (**) ImExPS/2 Generic Explorer Mouse: (accel) acceleration factor: 2.000
[    22.685] (**) ImExPS/2 Generic Explorer Mouse: (accel) acceleration threshold: 4
[    22.686] (II) event4  - ImExPS/2 Generic Explorer Mouse: is tagged by udev as: Mouse
[    22.686] (II) event4  - ImExPS/2 Generic Explorer Mouse: device is a pointer
[    22.687] (II) config/udev: Adding input device ImExPS/2 Generic Explorer Mouse (/dev/input/mouse0)
[    22.687] (II) No input driver specified, ignoring this device.
[    22.687] (II) This device may have been added with another device file.
[    22.688] (II) config/udev: Adding input device PC Speaker (/dev/input/event6)
[    22.688] (II) No input driver specified, ignoring this device.
[    22.688] (II) This device may have been added with another device file.
[    24.659] (EE) No surface to present from.
[   118.161] (EE) client bug: timer event4 debounce short: offset negative (-3ms)
